<?xml version="1.0" encoding="UTF-8"?>
<testsuite xmlns:xsi="http://www.w3.org/2001/XMLSchema-instance" xsi:noNamespaceSchemaLocation="https://maven.apache.org/surefire/maven-surefire-plugin/xsd/surefire-test-report-3.0.xsd" version="3.0" name="com.yeet.JsonloaderTest" time="1.09" tests="3" errors="0" skipped="0" failures="0">
  <properties>
[...]
</properties>
  <testcase name="testParse" classname="com.yeet.JsonloaderTest" time="0.86"/>
  <testcase name="testFromJson" classname="com.yeet.JsonloaderTest" time="0.212">
    <system-out><![CDATA[ TestOBJ title: Yeet
]]></system-out>
  </testcase>
  <testcase name="makeDynArr" classname="com.yeet.JsonloaderTest" time="0.008"/>
</testsuite>